Loaded capture: "/home/yakirqaq/projects/lora-lite-phy/build/receiver_vs_gnuradio_batches/mid/sf7_bw500_cr2_implicithdr_nocrc_baseline.cf32"
  Samples: 30413
  Min |x|: 0.00753363
  Max |x|: 4.48889
  Mean power: 1.82442
Metadata: SF=7, CR=2, BW=500000, Fs=1000000, payload_len=32
Alignment offset: 0 samples
[sync] Downchirp check: 126, 126
[sync] Detected CFO from Downchirps: -1 bins
[sync] Adjusted alignment to 0
Frequency offsets: CFO_int=2 CFO_frac=0.00206263 SFO_slope=0 (preamble symbols used=7)
[sync] preamble run length=8 (expected 8)
[reference] symbols match reference demodulator
First 16 aligned symbols: 0 0 0 0 0 0 0 0 8 16 8 16 49 73 89 101
Header located at symbol index: 12
Decoded header -> payload_len=32 crc=0 cr=2
[sync] Applied +1 bin compensation to 1 payload symbols; skipped 1 bins near +0.5 delta
Payload bytes: 81 60 be 6b 4b 3f f7 a3 84 63 49 52 9b 4d 81 e0 77 b6 14 7b 99 95 30 af 99 f0 8e e9 71 e5 1a 23 
Payload ASCII: پ`¾kK?÷£„cIR›Mپàw¶{™•0¯™ًژéqه#
Dumped stage outputs using prefix /home/yakirqaq/projects/lora-lite-phy/tmp/repro_sf7_bw500_cr2_implicithdr_nocrc_baseline
Wrote summary to /home/yakirqaq/projects/lora-lite-phy/tmp/repro_sf7_bw500_cr2_implicithdr_nocrc_baseline_summary.json
