Loaded capture: "sf7_bw500_cr2_implicithdr_nocrc_baseline.cf32"
  Samples: 30413
  Min |x|: 0.00753363
  Max |x|: 4.48889
  Mean power: 1.82442
Metadata: SF=7, CR=2, BW=500000, Fs=1000000, payload_len=32
Alignment offset: 0 samples
[sync] Downchirp check: 126, 126
[sync] Detected CFO from Downchirps: -1 bins
[sync] Adjusted alignment to 0
Frequency offsets: CFO_int=2 CFO_frac=0.00206263 SFO_slope=0 (preamble symbols used=7)
[sync] preamble run length=8 (expected 8)
[sync] implicit header: re-demod from payload boundary start=3136 (base=3072 +sps/4=64)
Frequency offsets: CFO_int=2 CFO_frac=0.00206263 SFO_slope=0 (preamble symbols used=7)
[sync] truncated preamble detected (observed=1, expected=8)
[reference] symbols match reference demodulator
First 16 aligned symbols: 81 105 121 5 41 5 93 29 12 55 80 22 43 1 62 43
Header located at symbol index: 12
Decoded header -> payload_len=32 crc=0 cr=2
Payload bytes: 62 67 44 96 ec b4 3f f5 29 41 94 40 a1 c3 bc 42 8d 10 fb fb 09 a9 65 ff e8 01 02 8c 71 c2 9b f0 
Payload ASCII: bgD–ě´?ő)A”@ˇĂĽBŤűű	©e˙čŚqÂ›đ
