Loaded capture: "sf7_bw500_cr2_implicithdr_nocrc_baseline.cf32"
  Samples: 30413
  Min |x|: 0.00753363
  Max |x|: 4.48889
  Mean power: 1.82442
Metadata: SF=7, CR=2, BW=500000, Fs=1000000, payload_len=32
Alignment offset: 0 samples
[sync] Downchirp check: 126, 126
[sync] Detected CFO from Downchirps: -1 bins
[sync] Adjusted alignment to 0
Frequency offsets: CFO_int=2 CFO_frac=0.00206263 SFO_slope=0 (preamble symbols used=7)
[sync] preamble run length=8 (expected 8)
[sync] implicit header: re-demod from payload boundary start=3136 (base=3072 +sps/4=64)
Frequency offsets: CFO_int=2 CFO_frac=0.00206263 SFO_slope=0 (preamble symbols used=7)
[sync] truncated preamble detected (observed=1, expected=8)
[reference] symbols match reference demodulator
First 16 aligned symbols: 81 105 121 5 41 5 93 29 12 55 80 22 43 1 62 43
Header located at symbol index: 0
Decoded header -> payload_len=32 crc=0 cr=2
Payload bytes: 8d 49 3d ef 5b 4d 3f a3 b5 a5 41 42 e9 85 81 c1 90 36 04 29 d3 9d 01 0b 1d e0 cd 65 71 d4 9c 2f 
Payload ASCII: НI=п[M?£µ•ABйЕБЅР6)”ЭаЌeq‘Ь/
